# JRE version: OpenJDK Runtime Environment Microsoft-11369865 (17.0.15+6) (build 17.0.15+6-LTS)
# Java VM: OpenJDK 64-Bit Server VM Microsoft-11369865 (17.0.15+6-LTS, mixed mode, sharing, tiered, compressed oops, compressed class ptrs, g1 gc, windows-amd64)
GC Precious Log:
 CPUs: 8 total, 8 available
 Memory: 32613M
 Large Page Support: Disabled
 NUMA Support: Disabled
 Compressed Oops: Enabled (32-bit)
 Heap Region Size: 1M
 Heap Min Capacity: 256M
 Heap Initial Capacity: 256M
 Heap Max Capacity: 512M
 Pre-touch: Disabled
 Parallel Workers: 8
 Concurrent Workers: 2
 Concurrent Refinement Workers: 8
 Periodic GC: Disabled
Heap:
 garbage-first heap   total 262144K, used 227539K [0x00000000e0000000, 0x0000000100000000)
  region size 1024K, 25 young (25600K), 2 survivors (2048K)
 Metaspace       used 111306K, committed 112320K, reserved 458752K
  class space    used 14524K, committed 15040K, reserved 327680K
GC Heap History (20 events):
Event: 774.189 GC heap after
{Heap after GC invocations=69 (full 0):
 garbage-first heap   total 262144K, used 192119K [0x00000000e0000000, 0x0000000100000000)
  region size 1024K, 5 young (5120K), 5 survivors (5120K)
 Metaspace       used 107621K, committed 108672K, reserved 458752K
  class space    used 14061K, committed 14592K, reserved 327680K
}
Event: 774.715 GC heap before
{Heap before GC invocations=69 (full 0):
 garbage-first heap   total 262144K, used 219767K [0x00000000e0000000, 0x0000000100000000)
  region size 1024K, 33 young (33792K), 5 survivors (5120K)
 Metaspace       used 110213K, committed 111232K, reserved 458752K
  class space    used 14400K, committed 14912K, reserved 327680K
}
Event: 774.720 GC heap after
{Heap after GC invocations=70 (full 0):
 garbage-first heap   total 262144K, used 193680K [0x00000000e0000000, 0x0000000100000000)
  region size 1024K, 2 young (2048K), 2 survivors (2048K)
 Metaspace       used 110213K, committed 111232K, reserved 458752K
  class space    used 14400K, committed 14912K, reserved 327680K
}
Event: 775.170 GC heap before
{Heap before GC invocations=70 (full 0):
 garbage-first heap   total 262144K, used 221328K [0x00000000e0000000, 0x0000000100000000)
  region size 1024K, 30 young (30720K), 2 survivors (2048K)
 Metaspace       used 111198K, committed 112256K, reserved 458752K
  class space    used 14523K, committed 15040K, reserved 327680K
}
Event: 775.172 GC heap after
{Heap after GC invocations=71 (full 0):
 garbage-first heap   total 262144K, used 193742K [0x00000000e0000000, 0x0000000100000000)
  region size 1024K, 2 young (2048K), 2 survivors (2048K)
 Metaspace       used 111198K, committed 112256K, reserved 458752K
  class space    used 14523K, committed 15040K, reserved 327680K
}
Event: 790.235 GC heap before
{Heap before GC invocations=71 (full 0):
 garbage-first heap   total 262144K, used 223438K [0x00000000e0000000, 0x0000000100000000)
  region size 1024K, 32 young (32768K), 2 survivors (2048K)
 Metaspace       used 111304K, committed 112320K, reserved 458752K
  class space    used 14524K, committed 15040K, reserved 327680K
}
Event: 790.241 GC heap after
{Heap after GC invocations=72 (full 0):
 garbage-first heap   total 262144K, used 196575K [0x00000000e0000000, 0x0000000100000000)
  region size 1024K, 4 young (4096K), 4 survivors (4096K)
 Metaspace       used 111304K, committed 112320K, reserved 458752K
  class space    used 14524K, committed 15040K, reserved 327680K
}
Event: 790.545 GC heap before
{Heap before GC invocations=72 (full 0):
 garbage-first heap   total 262144K, used 226271K [0x00000000e0000000, 0x0000000100000000)
  region size 1024K, 33 young (33792K), 4 survivors (4096K)
 Metaspace       used 111304K, committed 112320K, reserved 458752K
  class space    used 14524K, committed 15040K, reserved 327680K
}
Event: 790.552 GC heap after
{Heap after GC invocations=73 (full 0):
 garbage-first heap   total 262144K, used 198656K [0x00000000e0000000, 0x0000000100000000)
  region size 1024K, 5 young (5120K), 5 survivors (5120K)
 Metaspace       used 111304K, committed 112320K, reserved 458752K
  class space    used 14524K, committed 15040K, reserved 327680K
}
Event: 790.766 GC heap before
{Heap before GC invocations=73 (full 0):
 garbage-first heap   total 262144K, used 226304K [0x00000000e0000000, 0x0000000100000000)
  region size 1024K, 32 young (32768K), 5 survivors (5120K)
 Metaspace       used 111304K, committed 112320K, reserved 458752K
  class space    used 14524K, committed 15040K, reserved 327680K
}
Event: 790.772 GC heap after
{Heap after GC invocations=74 (full 0):
 garbage-first heap   total 262144K, used 199349K [0x00000000e0000000, 0x0000000100000000)
  region size 1024K, 3 young (3072K), 3 survivors (3072K)
 Metaspace       used 111304K, committed 112320K, reserved 458752K
  class space    used 14524K, committed 15040K, reserved 327680K
}
Event: 790.874 GC heap before
{Heap before GC invocations=74 (full 0):
 garbage-first heap   total 262144K, used 226997K [0x00000000e0000000, 0x0000000100000000)
  region size 1024K, 30 young (30720K), 3 survivors (3072K)
 Metaspace       used 111306K, committed 112320K, reserved 458752K
  class space    used 14524K, committed 15040K, reserved 327680K
}
Event: 790.876 GC heap after
{Heap after GC invocations=75 (full 0):
 garbage-first heap   total 262144K, used 199675K [0x00000000e0000000, 0x0000000100000000)
  region size 1024K, 2 young (2048K), 2 survivors (2048K)
 Metaspace       used 111306K, committed 112320K, reserved 458752K
  class space    used 14524K, committed 15040K, reserved 327680K
}
Event: 790.994 GC heap before
{Heap before GC invocations=75 (full 0):
 garbage-first heap   total 262144K, used 228347K [0x00000000e0000000, 0x0000000100000000)
  region size 1024K, 30 young (30720K), 2 survivors (2048K)
 Metaspace       used 111306K, committed 112320K, reserved 458752K
  class space    used 14524K, committed 15040K, reserved 327680K
}
Event: 790.997 GC heap after
{Heap after GC invocations=76 (full 0):
 garbage-first heap   total 262144K, used 200412K [0x00000000e0000000, 0x0000000100000000)
  region size 1024K, 3 young (3072K), 3 survivors (3072K)
 Metaspace       used 111306K, committed 112320K, reserved 458752K
  class space    used 14524K, committed 15040K, reserved 327680K
}
Event: 791.112 GC heap before
{Heap before GC invocations=76 (full 0):
 garbage-first heap   total 262144K, used 229084K [0x00000000e0000000, 0x0000000100000000)
  region size 1024K, 31 young (31744K), 3 survivors (3072K)
 Metaspace       used 111306K, committed 112320K, reserved 458752K
  class space    used 14524K, committed 15040K, reserved 327680K
}
Event: 791.117 GC heap after
{Heap after GC invocations=77 (full 0):
 garbage-first heap   total 262144K, used 201971K [0x00000000e0000000, 0x0000000100000000)
  region size 1024K, 4 young (4096K), 4 survivors (4096K)
 Metaspace       used 111306K, committed 112320K, reserved 458752K
  class space    used 14524K, committed 15040K, reserved 327680K
}
Event: 791.215 GC heap before
{Heap before GC invocations=77 (full 0):
 garbage-first heap   total 262144K, used 227571K [0x00000000e0000000, 0x0000000100000000)
  region size 1024K, 29 young (29696K), 4 survivors (4096K)
 Metaspace       used 111306K, committed 112320K, reserved 458752K
  class space    used 14524K, committed 15040K, reserved 327680K
}
Event: 791.219 GC heap after
{Heap after GC invocations=78 (full 0):
 garbage-first heap   total 262144K, used 203987K [0x00000000e0000000, 0x0000000100000000)
  region size 1024K, 4 young (4096K), 4 survivors (4096K)
 Metaspace       used 111306K, committed 112320K, reserved 458752K
  class space    used 14524K, committed 15040K, reserved 327680K
}
Event: 791.322 GC heap before
{Heap before GC invocations=78 (full 0):
 garbage-first heap   total 262144K, used 227539K [0x00000000e0000000, 0x0000000100000000)
  region size 1024K, 27 young (27648K), 4 survivors (4096K)
 Metaspace       used 111306K, committed 112320K, reserved 458752K
  class space    used 14524K, committed 15040K, reserved 327680K
}

